
=== Wed Oct 23 13:36:00 2019

Packages were changed.
Update Mode: mergeDefaultDependencies

The following packages were added:
  com.unity.xr.management@3.0.3
The following packages were updated:
  com.unity.ide.vscode from version 1.0.7 to 1.1.2
  com.unity.test-framework from version 1.0.17 to 1.1.2
  com.unity.timeline from version 1.1.0 to 1.2.2

=== Fri Oct 25 01:09:09 2019

Packages were changed.
Update Mode: updateDependencies

The following packages were updated:
  com.unity.test-framework from version 1.1.2 to 1.1.3
  com.unity.timeline from version 1.2.2 to 1.2.4

=== Thu Dec  5 03:52:39 2019

Packages were changed.
Update Mode: updateDependencies

The following packages were updated:
  com.unity.ide.vscode from version 1.1.2 to 1.1.3
  com.unity.render-pipelines.universal from version 7.1.1 to 7.1.5
  com.unity.timeline from version 1.2.4 to 1.2.6
